<?xml version="1.0" encoding="UTF-8"?>
<!-- Generated by org.testng.reporters.JUnitReportReporter -->
<testsuite hostname="DESKTOP-UHKGGPJ" failures="0" tests="1" name="Excel_Test.UserExcelData" time="9.672" errors="0" timestamp="2023-12-09T12:23:03 IST" skipped="0">
  <testcase classname="Excel_Test.UserExcelData" name="tc" time="9.672"/>
  <system-out/>
</testsuite> <!-- Excel_Test.UserExcelData -->
