<?xml version="1.0" encoding="UTF-8"?>
<!-- Generated by org.testng.reporters.JUnitReportReporter -->
<testsuite hostname="DESKTOP-UHKGGPJ" failures="0" tests="1" name="Test_Zigly.Login_zigly" time="25.688" errors="0" timestamp="2023-12-08T15:47:17 IST" skipped="0">
  <testcase classname="Test_Zigly.Login_zigly" name="tc" time="25.688"/>
  <system-out/>
</testsuite> <!-- Test_Zigly.Login_zigly -->
