<?xml version="1.0" encoding="UTF-8"?>
<!-- Generated by org.testng.reporters.JUnitReportReporter -->
<testsuite hostname="DESKTOP-UHKGGPJ" failures="0" tests="1" name="Test_Facebook.Face_log" time="21.280" errors="0" timestamp="2023-12-09T12:56:18 IST" skipped="0">
  <testcase classname="Test_Facebook.Face_log" name="tc" time="21.280"/>
  <system-out/>
</testsuite> <!-- Test_Facebook.Face_log -->
