<?xml version="1.0" encoding="UTF-8"?>
<!-- Generated by org.testng.reporters.JUnitReportReporter -->
<testsuite hostname="DESKTOP-2O30D7R" failures="0" tests="1" name="Test_Facebook.Face_log" time="20.465" errors="0" timestamp="2024-04-08T13:43:26 IST" skipped="0">
  <testcase classname="Test_Facebook.Face_log" name="tc" time="20.465"/>
  <system-out/>
</testsuite> <!-- Test_Facebook.Face_log -->
